[ 2015-08-13T11:49:37+08:00 ] 127.0.0.1 /xxx/
INFO: [ app_init ] --START--
INFO: Run Behavior\BuildLiteBehavior [ RunTime:0.000089s ]
INFO: [ app_init ] --END-- [ RunTime:0.001369s ]
INFO: [ app_begin ] --START--
INFO: Run Behavior\ReadHtmlCacheBehavior [ RunTime:0.001409s ]
INFO: [ app_begin ] --END-- [ RunTime:0.001876s ]
NOTIC: [2] ini_set(): A session is active. You cannot change the session module's ini settings at this time D:\wamp\www\xxx\ThinkPHP\Common\functions.php 第 1245 行.
NOTIC: [8] A session had already been started - ignoring session_start() D:\wamp\www\xxx\ThinkPHP\Common\functions.php 第 1263 行.

[ 2015-08-13T11:49:37+08:00 ] 127.0.0.1 /xxx/index.php/Home/Index/login.html
INFO: [ app_init ] --START--
INFO: Run Behavior\BuildLiteBehavior [ RunTime:0.000093s ]
INFO: [ app_init ] --END-- [ RunTime:0.001235s ]
INFO: [ app_begin ] --START--
INFO: Run Behavior\ReadHtmlCacheBehavior [ RunTime:0.001216s ]
INFO: [ app_begin ] --END-- [ RunTime:0.001674s ]
NOTIC: [2] ini_set(): A session is active. You cannot change the session module's ini settings at this time D:\wamp\www\xxx\ThinkPHP\Common\functions.php 第 1245 行.
NOTIC: [8] A session had already been started - ignoring session_start() D:\wamp\www\xxx\ThinkPHP\Common\functions.php 第 1263 行.
INFO: [ view_parse ] --START--
INFO: [ template_filter ] --START--
INFO: Run Behavior\ContentReplaceBehavior [ RunTime:0.000247s ]
INFO: [ template_filter ] --END-- [ RunTime:0.000711s ]
INFO: Run Behavior\ParseTemplateBehavior [ RunTime:0.022963s ]
INFO: [ view_parse ] --END-- [ RunTime:0.023417s ]
INFO: [ view_filter ] --START--
INFO: Run Behavior\WriteHtmlCacheBehavior [ RunTime:0.001045s ]
INFO: [ view_filter ] --END-- [ RunTime:0.001475s ]
INFO: [ app_end ] --START--
INFO: Run Behavior\ShowPageTraceBehavior [ RunTime:0.001354s ]
INFO: [ app_end ] --END-- [ RunTime:0.001790s ]

[ 2015-08-13T11:49:38+08:00 ] 127.0.0.1 /xxx/index.php/Home/Index/verify.html
INFO: [ app_init ] --START--
INFO: Run Behavior\BuildLiteBehavior [ RunTime:0.000093s ]
INFO: [ app_init ] --END-- [ RunTime:0.003777s ]
INFO: [ app_begin ] --START--
INFO: Run Behavior\ReadHtmlCacheBehavior [ RunTime:0.005090s ]
INFO: [ app_begin ] --END-- [ RunTime:0.005591s ]
NOTIC: [2] ini_set(): A session is active. You cannot change the session module's ini settings at this time D:\wamp\www\xxx\ThinkPHP\Common\functions.php 第 1245 行.
NOTIC: [8] A session had already been started - ignoring session_start() D:\wamp\www\xxx\ThinkPHP\Common\functions.php 第 1263 行.
INFO: [ app_end ] --START--
INFO: Run Behavior\ShowPageTraceBehavior [ RunTime:0.002915s ]
INFO: [ app_end ] --END-- [ RunTime:0.003487s ]

